C51 COMPILER V9.59.0.0   4X4_HEXKEY_PAD_NUMBER_SWITCHCASE                                  11/19/2023 23:43:39 PAGE 1   


C51 COMPILER V9.59.0.0, COMPILATION OF MODULE 4X4_HEXKEY_PAD_NUMBER_SWITCHCASE
OBJECT MODULE PLACED IN .\Objects\4X4_Hexkey_Pad_number_Switchcase.obj
COMPILER INVOKED BY: C:\Keil_v5\C51\BIN\C51.EXE 4X4_Hexkey_Pad_number_Switchcase.c OPTIMIZE(8,SPEED) BROWSE DEBUG OBJECT
                    -EXTEND PRINT(.\Listings\4X4_Hexkey_Pad_number_Switchcase.lst) TABS(2) OBJECT(.\Objects\4X4_Hexkey_Pad_number_Switchcase.
                    -obj)

line level    source

   1          //including header files
   2          #include<reg51.h>
   3          
   4          //main funcation
   5          void main()
   6          {
   7   1        //decleration and initi. of local variables
   8   1        unsigned int rows[4] = {0xFE, 0xFD, 0xFB, 0xF7};
   9   1        unsigned int segment_data[16] = {0x3F, 0x06, 0x5B, 0x4F, 0x66, 0x6D, 0x7D, 0x07, 0x7F, 0x6F, 0x77, 0x7C,0
             -x39,0x5E,0x79, 0x71};
  10   1        unsigned int i;
  11   1        P1 = 0x00;
  12   1        P2 = 0xFF;
  13   1        
  14   1        //forever loop
  15   1        while(1)                                                           //or we can for(;;)
  16   1        {
  17   2          for(i = 0; i < 4; i++)                                           //for loop to continuous check for row
  18   2          {
  19   3            P2 = rows[i];                                                  //P2 will assign with value of current row which is active low
  20   3            if (P2 != 0xFF)                                                //if P2 is not equal to 0xFF i.e, all active high then,
  21   3            {
  22   4              
  23   4              switch (P2)                                                  //value of P2 is works as condition for switch-case condition blo
             -ck
  24   4              {         
  25   5                //row 1
  26   5                case 0xE7:
  27   5                  
  28   5                  P1 = segment_data[0];                                    //P1 = 0x3F;
  29   5                  break;
  30   5                
  31   5                case 0xD7:
  32   5                  
  33   5                  P1 = segment_data[1];                                    //P1 = 0x06;
  34   5                  break;
  35   5                
  36   5                case 0xB7:
  37   5                  
  38   5                  P1 = segment_data[2];                                    //P1 = 0x5B;
  39   5                  break;
  40   5                
  41   5                case 0x77:
  42   5                  
  43   5                  P1 = segment_data[3];                                    //P1 = 0x4F;
  44   5                  break;
  45   5                
  46   5                //row 2
  47   5                case 0xEB:
  48   5                  
  49   5                  P1 = segment_data[5];                                    //P1 = 0x66;
  50   5                  break;
  51   5                
C51 COMPILER V9.59.0.0   4X4_HEXKEY_PAD_NUMBER_SWITCHCASE                                  11/19/2023 23:43:39 PAGE 2   

  52   5                case 0xDB:
  53   5                  
  54   5                  P1 = segment_data[4];                                    //P1 = 0x6D;
  55   5                  break;
  56   5                
  57   5                case 0xBB:
  58   5                  
  59   5                  P1 = segment_data[6];                                    //P1 = 0x7D;
  60   5                  break;
  61   5                
  62   5                case 0x7B:
  63   5                  
  64   5                  P1 = segment_data[7];                                    //P1 = 0x07;
  65   5                  break;
  66   5                
  67   5                //ROW 3
  68   5                case 0xED:
  69   5                  
  70   5                  P1 = segment_data[9];                                    //P1 = 0x7F;
  71   5                  break;
  72   5                
  73   5                case 0xDD:
  74   5                  
  75   5                  P1 = segment_data[8];                                    //P1 = 0x6F;
  76   5                  break;
  77   5                
  78   5                case 0xBD:
  79   5                  
  80   5                  P1 = segment_data[10];                                     //P1 = 0x77;
  81   5                  break;
  82   5                
  83   5                case 0x7D:
  84   5                  
  85   5                  P1 = segment_data[11];                                     //P1 = 0x7C;
  86   5                  break;
  87   5                
  88   5                //ROW 4
  89   5                case 0xEE:
  90   5                  
  91   5                  P1 = segment_data[13];                                     //P1 = 0x39;
  92   5                  break;
  93   5                
  94   5                case 0xDE:
  95   5                  
  96   5                  P1 = segment_data[12];                                     //P1 = 0x5E;
  97   5                  break;
  98   5                
  99   5                case 0xBE:
 100   5                  
 101   5                  P1 = segment_data[14];                                     //P1 = 0x79;
 102   5                  break;
 103   5                
 104   5                case 0x7E:
 105   5                  
 106   5                  P1 = segment_data[15];                                     //P1 = 0x71;
 107   5                  break;
 108   5              }
 109   4            }
 110   3          }
 111   2        }
 112   1      }

C51 COMPILER V9.59.0.0   4X4_HEXKEY_PAD_NUMBER_SWITCHCASE                                  11/19/2023 23:43:39 PAGE 3   


MODULE INFORMATION:   STATIC OVERLAYABLE
   CODE SIZE        =    225    ----
   CONSTANT SIZE    =     40    ----
   XDATA SIZE       =   ----    ----
   PDATA SIZE       =   ----    ----
   DATA SIZE        =   ----      42
   IDATA SIZE       =   ----    ----
   BIT SIZE         =   ----    ----
END OF MODULE INFORMATION.


C51 COMPILATION COMPLETE.  0 WARNING(S),  0 ERROR(S)
