C51 COMPILER V9.59.0.0   4X4_HEXKEY_PAD_NUMBER_USING_IFELSE                                10/20/2023 10:44:04 PAGE 1   


C51 COMPILER V9.59.0.0, COMPILATION OF MODULE 4X4_HEXKEY_PAD_NUMBER_USING_IFELSE
OBJECT MODULE PLACED IN .\Objects\4X4_Hexkey_Pad_number_using_ifelse.obj
COMPILER INVOKED BY: D:\setups\C51\BIN\C51.EXE 4X4_Hexkey_Pad_number_using_ifelse.c OPTIMIZE(8,SPEED) BROWSE DEBUG OBJEC
                    -TEXTEND PRINT(.\Listings\4X4_Hexkey_Pad_number_using_ifelse.lst) TABS(2) OBJECT(.\Objects\4X4_Hexkey_Pad_number_using_if
                    -else.obj)

line level    source

   1          #include<reg51.h>
   2          
   3          
   4          sbit row_1 = P2^0;
   5          sbit row_2 = P2^1;
   6          sbit row_3 = P2^2;
   7          sbit row_4 = P2^3;
   8          sbit col_1 = P2^4;
   9          sbit col_2 = P2^5;
  10          sbit col_3 = P2^6;
  11          sbit col_4 = P2^7;
  12          
  13          
  14          //void delay(unsigned int);
  15          void main()
  16          {
  17   1        unsigned int data_segment[16] = {0x3F, 0x06, 0x5B, 0x4F, 0x66, 0x6D, 0x7D, 0x07, 0x7F, 0x6F, 0x77, 0x7C,0
             -x39,0x5E,0x79, 0x71};
  18   1        P1 = 0x00;
  19   1        P2 = 0xFF;
  20   1        
  21   1        while(1)
  22   1        {
  23   2          
  24   2          //for row 1
  25   2          row_1 = 0;
  26   2          row_2 = 1;
  27   2          row_3 = 1;
  28   2          row_4 = 1;
  29   2          
  30   2          col_1 = 1;
  31   2          col_2 = 1;
  32   2          col_3 = 1;
  33   2          col_4 = 1;
  34   2          if(col_1 == 0)
  35   2          {
  36   3            P1 = data_segment[0];
  37   3          }
  38   2           if(col_2 == 0)
  39   2          {
  40   3            P1 = data_segment[1];
  41   3          }
  42   2           if(col_3 == 0)
  43   2          {
  44   3            P1 = data_segment[2];
  45   3          }
  46   2           if(col_4 == 0)
  47   2          {
  48   3            P1 = data_segment[3];
  49   3          }
  50   2          
  51   2          // for row 2
  52   2          row_1 = 1;
C51 COMPILER V9.59.0.0   4X4_HEXKEY_PAD_NUMBER_USING_IFELSE                                10/20/2023 10:44:04 PAGE 2   

  53   2          row_2 = 0;
  54   2          row_3 = 1;
  55   2          row_4 = 1;
  56   2          
  57   2          col_1 = 1;
  58   2          col_2 = 1;
  59   2          col_3 = 1;
  60   2          col_4 = 1;
  61   2          if(col_1 == 0)
  62   2          {
  63   3            P1 = data_segment[4];
  64   3          }
  65   2           if(col_2 == 0)
  66   2          {
  67   3            P1 = data_segment[5];
  68   3          }
  69   2           if(col_3 == 0)
  70   2          {
  71   3            P1 = data_segment[6];
  72   3          }
  73   2           if(col_4 == 0)
  74   2          {
  75   3            P1 = data_segment[7];
  76   3          }
  77   2          
  78   2          // for row 3
  79   2          row_1 = 1;
  80   2          row_2 = 1;
  81   2          row_3 = 0;
  82   2          row_4 = 1;
  83   2          
  84   2          col_1 = 1;
  85   2          col_2 = 1;
  86   2          col_3 = 1;
  87   2          col_4 = 1;
  88   2          if(col_1 == 0)
  89   2          {
  90   3            P1 = data_segment[8];
  91   3          }
  92   2           if(col_2 == 0)
  93   2          {
  94   3            P1 = data_segment[9];
  95   3          }
  96   2           if(col_3 == 0)
  97   2          {
  98   3            P1 = data_segment[10];
  99   3          }
 100   2           if(col_4 == 0)
 101   2          {
 102   3            P1 = data_segment[11];
 103   3          }
 104   2          
 105   2          // for row 4
 106   2          row_1 = 1;
 107   2          row_2 = 1;
 108   2          row_3 = 1;
 109   2          row_4 = 0;
 110   2          
 111   2          col_1 = 1;
 112   2          col_2 = 1;
 113   2          col_3 = 1;
 114   2          col_4 = 1;
C51 COMPILER V9.59.0.0   4X4_HEXKEY_PAD_NUMBER_USING_IFELSE                                10/20/2023 10:44:04 PAGE 3   

 115   2          if(col_1 == 0)
 116   2          {
 117   3            P1 = data_segment[12];
 118   3          }
 119   2           if(col_2 == 0)
 120   2          {
 121   3            P1 = data_segment[13];
 122   3          }
 123   2           if(col_3 == 0)
 124   2          {
 125   3            P1 = data_segment[14];
 126   3          }
 127   2           if(col_4 == 0)
 128   2          {
 129   3            P1 = data_segment[15];
 130   3          }
 131   2          
 132   2          
 133   2          
 134   2        }
 135   1      }
 136          
 137          /*
 138          void delay(unsigned int time)
 139          {
 140            unsigned i,j;
 141            for(i = 0; i < time; i++)
 142            {
 143              for(j = 0; j < 1000; j++);
 144            }
 145            
 146          }
 147          */


MODULE INFORMATION:   STATIC OVERLAYABLE
   CODE SIZE        =    191    ----
   CONSTANT SIZE    =     32    ----
   XDATA SIZE       =   ----    ----
   PDATA SIZE       =   ----    ----
   DATA SIZE        =   ----      32
   IDATA SIZE       =   ----    ----
   BIT SIZE         =   ----    ----
END OF MODULE INFORMATION.


C51 COMPILATION COMPLETE.  0 WARNING(S),  0 ERROR(S)
