C51 COMPILER V9.59.0.0   4X4_HEXKEY_PAD_NUMBER_IFELSE                                      11/19/2023 23:35:49 PAGE 1   


C51 COMPILER V9.59.0.0, COMPILATION OF MODULE 4X4_HEXKEY_PAD_NUMBER_IFELSE
OBJECT MODULE PLACED IN .\Objects\4X4_Hexkey_Pad_number_Ifelse.obj
COMPILER INVOKED BY: C:\Keil_v5\C51\BIN\C51.EXE 4X4_Hexkey_Pad_number_Ifelse.c OPTIMIZE(8,SPEED) BROWSE DEBUG OBJECTEXTE
                    -ND PRINT(.\Listings\4X4_Hexkey_Pad_number_Ifelse.lst) TABS(2) OBJECT(.\Objects\4X4_Hexkey_Pad_number_Ifelse.obj)

line level    source

   1          //including header file
   2          #include<reg51.h>
   3          
   4          //sbit decleration
   5          //rows
   6          sbit row_1 = P2^0;
   7          sbit row_2 = P2^1;
   8          sbit row_3 = P2^2;
   9          sbit row_4 = P2^3;
  10          //cols
  11          sbit col_1 = P2^4;
  12          sbit col_2 = P2^5;
  13          sbit col_3 = P2^6;
  14          sbit col_4 = P2^7;
  15          
  16          
  17          //main funcation
  18          void main()
  19          {
  20   1        //decleration and initi. of local variables
  21   1        unsigned int data_segment[16] = {0x3F, 0x06, 0x5B, 0x4F, 0x66, 0x6D, 0x7D, 0x07, 0x7F, 0x6F, 0x77, 0x7C,0
             -x39,0x5E,0x79, 0x71};
  22   1        P1 = 0x00;
  23   1        P2 = 0xFF;
  24   1        
  25   1        //forever loop
  26   1        while(1)                                                            //or we can for(;;)
  27   1        {
  28   2          
  29   2          //for row 1
  30   2          row_1 = 0;
  31   2          row_2 = 1;
  32   2          row_3 = 1;
  33   2          row_4 = 1;
  34   2          
  35   2          col_1 = 1;
  36   2          col_2 = 1;
  37   2          col_3 = 1;
  38   2          col_4 = 1;
  39   2          if(col_1 == 0)
  40   2          {
  41   3            P1 = data_segment[0];                                           //P1 = 0x3F;
  42   3          }
  43   2           if(col_2 == 0)
  44   2          {
  45   3            P1 = data_segment[1];                                           //P1 = 0x06;
  46   3          }
  47   2           if(col_3 == 0)
  48   2          {
  49   3            P1 = data_segment[2];                                           //P1 = 0x5B;
  50   3          }
  51   2           if(col_4 == 0)
  52   2          {
  53   3            P1 = data_segment[3];                                           //P1 = 0x4F;
C51 COMPILER V9.59.0.0   4X4_HEXKEY_PAD_NUMBER_IFELSE                                      11/19/2023 23:35:49 PAGE 2   

  54   3          }
  55   2          
  56   2          // for row 2
  57   2          row_1 = 1;
  58   2          row_2 = 0;
  59   2          row_3 = 1;
  60   2          row_4 = 1;
  61   2          
  62   2          col_1 = 1;
  63   2          col_2 = 1;
  64   2          col_3 = 1;
  65   2          col_4 = 1;
  66   2          if(col_1 == 0)
  67   2          {
  68   3            P1 = data_segment[4];                                           //P1 = 0x66;
  69   3          }
  70   2           if(col_2 == 0)
  71   2          {
  72   3            P1 = data_segment[5];                                           //P1 = 0x6D;
  73   3          }
  74   2           if(col_3 == 0)
  75   2          {
  76   3            P1 = data_segment[6];                                           //P1 = 0x7D;
  77   3          }
  78   2           if(col_4 == 0)
  79   2          {
  80   3            P1 = data_segment[7];                                           //P1 = 0x07;
  81   3          }
  82   2          
  83   2          // for row 3
  84   2          row_1 = 1;
  85   2          row_2 = 1;
  86   2          row_3 = 0;
  87   2          row_4 = 1;
  88   2          
  89   2          col_1 = 1;
  90   2          col_2 = 1;
  91   2          col_3 = 1;
  92   2          col_4 = 1;
  93   2          if(col_1 == 0)
  94   2          {
  95   3            P1 = data_segment[8];                                           //P1 = 0x7F;
  96   3          }
  97   2           if(col_2 == 0)
  98   2          {
  99   3            P1 = data_segment[9];                                           //P1 = 0x6F;
 100   3          }
 101   2           if(col_3 == 0)
 102   2          {
 103   3            P1 = data_segment[10];                                          //P1 = 0x77;
 104   3          }
 105   2           if(col_4 == 0)
 106   2          {
 107   3            P1 = data_segment[11];                                          //P1 = 0x7C;
 108   3          }
 109   2          
 110   2          // for row 4
 111   2          row_1 = 1;
 112   2          row_2 = 1;
 113   2          row_3 = 1;
 114   2          row_4 = 0;
 115   2          
C51 COMPILER V9.59.0.0   4X4_HEXKEY_PAD_NUMBER_IFELSE                                      11/19/2023 23:35:49 PAGE 3   

 116   2          col_1 = 1;
 117   2          col_2 = 1;
 118   2          col_3 = 1;
 119   2          col_4 = 1;
 120   2          if(col_1 == 0)
 121   2          {
 122   3            P1 = data_segment[12];                                            //P1 = 0x39;
 123   3          }
 124   2           if(col_2 == 0)
 125   2          {
 126   3            P1 = data_segment[13];                                            //P1 = 0x5E;
 127   3          }
 128   2           if(col_3 == 0)
 129   2          {
 130   3            P1 = data_segment[14];                                            //P1 = 0x79;
 131   3          }
 132   2           if(col_4 == 0)
 133   2          {
 134   3            P1 = data_segment[15];                                            //P1 = 0x71;
 135   3          }
 136   2          
 137   2          
 138   2          
 139   2        }
 140   1      }


MODULE INFORMATION:   STATIC OVERLAYABLE
   CODE SIZE        =    191    ----
   CONSTANT SIZE    =     32    ----
   XDATA SIZE       =   ----    ----
   PDATA SIZE       =   ----    ----
   DATA SIZE        =   ----      32
   IDATA SIZE       =   ----    ----
   BIT SIZE         =   ----    ----
END OF MODULE INFORMATION.


C51 COMPILATION COMPLETE.  0 WARNING(S),  0 ERROR(S)
