C51 COMPILER V9.59.0.0   4X4_HEXKEY_PAD_NUMBER                                             11/20/2023 02:01:32 PAGE 1   


C51 COMPILER V9.59.0.0, COMPILATION OF MODULE 4X4_HEXKEY_PAD_NUMBER
OBJECT MODULE PLACED IN .\Objects\4X4_Hexkey_Pad_number.obj
COMPILER INVOKED BY: C:\Keil_v5\C51\BIN\C51.EXE 4X4_Hexkey_Pad_number.c OPTIMIZE(8,SPEED) BROWSE DEBUG OBJECTEXTEND PRIN
                    -T(.\Listings\4X4_Hexkey_Pad_number.lst) TABS(2) OBJECT(.\Objects\4X4_Hexkey_Pad_number.obj)

line level    source

   1          //including header files
   2          #include"4X4_Hexkey_Pad_number.h"
   3          
   4          //funcation defination of user defined funcation
   5          unsigned int hexkeyPad()
   6          {
   7   1          //for row 1
   8   1          row_1 = 0;
   9   1          row_2 = 1;
  10   1          row_3 = 1;
  11   1          row_4 = 1;
  12   1          
  13   1          col_1 = 1;
  14   1          col_2 = 1;
  15   1          col_3 = 1;
  16   1          col_4 = 1;
  17   1          if(col_1 == 0)
  18   1          {
  19   2            return 0;
  20   2          }
  21   1           if(col_2 == 0)
  22   1          {
  23   2            return 1;
  24   2          }
  25   1           if(col_3 == 0)
  26   1          {
  27   2            return 2;
  28   2          }
  29   1           if(col_4 == 0)
  30   1          {
  31   2            return 3;
  32   2          }
  33   1          
  34   1          // for row 2
  35   1          row_1 = 1;
  36   1          row_2 = 0;
  37   1          row_3 = 1;
  38   1          row_4 = 1;
  39   1          
  40   1          col_1 = 1;
  41   1          col_2 = 1;
  42   1          col_3 = 1;
  43   1          col_4 = 1;
  44   1          if(col_1 == 0)
  45   1          {
  46   2            return 4;
  47   2          }
  48   1           if(col_2 == 0)
  49   1          {
  50   2            return 5;
  51   2          }
  52   1           if(col_3 == 0)
  53   1          {
  54   2            return 6;
C51 COMPILER V9.59.0.0   4X4_HEXKEY_PAD_NUMBER                                             11/20/2023 02:01:32 PAGE 2   

  55   2          }
  56   1           if(col_4 == 0)
  57   1          {
  58   2            return 7;
  59   2          }
  60   1          
  61   1          // for row 3
  62   1          row_1 = 1;
  63   1          row_2 = 1;
  64   1          row_3 = 0;
  65   1          row_4 = 1;
  66   1          
  67   1          col_1 = 1;
  68   1          col_2 = 1;
  69   1          col_3 = 1;
  70   1          col_4 = 1;
  71   1          if(col_1 == 0)
  72   1          {
  73   2            return 8;
  74   2          }
  75   1           if(col_2 == 0)
  76   1          {
  77   2            return 9;
  78   2          }
  79   1           if(col_3 == 0)
  80   1          {
  81   2            return 10;
  82   2          }
  83   1           if(col_4 == 0)
  84   1          {
  85   2            return 11;
  86   2          }
  87   1          
  88   1          // for row 4
  89   1          row_1 = 1;
  90   1          row_2 = 1;
  91   1          row_3 = 1;
  92   1          row_4 = 0;
  93   1          
  94   1          col_1 = 1;
  95   1          col_2 = 1;
  96   1          col_3 = 1;
  97   1          col_4 = 1;
  98   1          if(col_1 == 0)
  99   1          {
 100   2            return 12;
 101   2          }
 102   1           if(col_2 == 0)
 103   1          {
 104   2            return 13;
 105   2          }
 106   1           if(col_3 == 0)
 107   1          {
 108   2            return 14;
 109   2          }
 110   1           if(col_4 == 0)
 111   1          {
 112   2            return 15;
 113   2          }
 114   1      }
*** WARNING C291 IN LINE 114 OF 4X4_Hexkey_Pad_number.c: not every exit path returns a value

C51 COMPILER V9.59.0.0   4X4_HEXKEY_PAD_NUMBER                                             11/20/2023 02:01:32 PAGE 3   


MODULE INFORMATION:   STATIC OVERLAYABLE
   CODE SIZE        =    191    ----
   CONSTANT SIZE    =   ----    ----
   XDATA SIZE       =   ----    ----
   PDATA SIZE       =   ----    ----
   DATA SIZE        =   ----    ----
   IDATA SIZE       =   ----    ----
   BIT SIZE         =   ----    ----
END OF MODULE INFORMATION.


C51 COMPILATION COMPLETE.  1 WARNING(S),  0 ERROR(S)
