C51 COMPILER V9.59.0.0   LCD_8BIT                                                          11/20/2023 02:01:32 PAGE 1   


C51 COMPILER V9.59.0.0, COMPILATION OF MODULE LCD_8BIT
OBJECT MODULE PLACED IN .\Objects\lcd_8bit.obj
COMPILER INVOKED BY: C:\Keil_v5\C51\BIN\C51.EXE lcd_8bit.c OPTIMIZE(8,SPEED) BROWSE DEBUG OBJECTEXTEND PRINT(.\Listings\
                    -lcd_8bit.lst) TABS(2) OBJECT(.\Objects\lcd_8bit.obj)

line level    source

   1          //including header file of lcd "lcd.h and delay "delay.h"
   2          
   3          #include"lcd_8bit.h"
   4          #include"delay.h"
   5          
   6          // init() function defination
   7          void init()                       
   8          {
   9   1        
  10   1        delay(5);                       // delay
  11   1        LCD_cmd(0x38);                  // 8 bit data (2 line)
  12   1        LCD_cmd(0x0C);                  // display on and curser off
  13   1        LCD_cmd(0x06);                  // entry mode
  14   1      }
  15          
  16          // LCD_cmd() function defination with one argument "cmd"
  17          void LCD_cmd(unsigned char cmd)
  18          {
  19   1        LCD_port = cmd;                 //assigning the value of cmd to  LCD_port
  20   1        RS = 0;                         //the register select is in active low mode for command
  21   1        RW = 0;                         //open
  22   1        EN = 1;                         //creating pluse for EN (high)
  23   1        delay(5);                       //delay for EN
  24   1        EN = 0;                         //creating pluse for EN (low)
  25   1        delay(5);                       //delay for EN
  26   1      }
  27          
  28          // LCD_data() function defination with one argument "dat"
  29          void LCD_data(unsigned char dat)
  30          {
  31   1        
  32   1        LCD_port = dat;                 //assigning the value of dat to  LCD_port
  33   1        RS = 1;                         //the register select is in active high mode for data
  34   1        RW = 0;                         //open
  35   1        EN = 1;                         //creating pluse for EN (high)
  36   1        delay(5);                       //delay for EN
  37   1        EN = 0;                         //creating pluse for EN (low)
  38   1        delay(5);                       //delay for EN
  39   1      }
  40          
  41          // LCD_string() function defination with one pointer argument "*string"
  42          void LCD_string(unsigned char *string)
  43          {
  44   1        while(*string)                  //while loop will terminated when it get a null value (i.e., '\0' that the end of 
             -string)
  45   1        {
  46   2          LCD_data(*string++);          //passing the value present at that location through LCD_data() function with i
             -ncrement by 1
  47   2        }
  48   1      }


MODULE INFORMATION:   STATIC OVERLAYABLE
   CODE SIZE        =    107    ----
C51 COMPILER V9.59.0.0   LCD_8BIT                                                          11/20/2023 02:01:32 PAGE 2   

   CONSTANT SIZE    =   ----    ----
   XDATA SIZE       =   ----    ----
   PDATA SIZE       =   ----    ----
   DATA SIZE        =   ----       3
   IDATA SIZE       =   ----    ----
   BIT SIZE         =   ----    ----
END OF MODULE INFORMATION.


C51 COMPILATION COMPLETE.  0 WARNING(S),  0 ERROR(S)
